<?xml version="1.0" encoding="UTF-8"?>
<testng-results ignored="0" total="1" passed="1" failed="0" skipped="0">
  <reporter-output>
  </reporter-output>
  <suite started-at="2023-02-20T14:39:23 WAT" name="Default suite" finished-at="2023-02-20T14:40:00 WAT" duration-ms="36465">
    <groups>
    </groups>
    <test started-at="2023-02-20T14:39:23 WAT" name="Default test" finished-at="2023-02-20T14:40:00 WAT" duration-ms="36465">
      <class name="com.GenAutoTest.prg.operations2">
        <test-method signature="testOpe()[pri:1, instance:com.GenAutoTest.prg.operations2@5824a83d]" started-at="2023-02-20T14:39:23 WAT" name="testOpe" finished-at="2023-02-20T14:40:00 WAT" duration-ms="36418" status="PASS">
          <reporter-output>
          </reporter-output>
        </test-method> <!-- testOpe -->
      </class> <!-- com.GenAutoTest.prg.operations2 -->
    </test> <!-- Default test -->
  </suite> <!-- Default suite -->
</testng-results>
